2025-10-07T15:05:55.198+09:00  WARN 14776 --- [HikariPool-1:housekeeper] com.zaxxer.hikari.pool.HikariPool        : HikariPool-1 - Thread starvation or clock leap detected (housekeeper delta=6m30s731ms684µs500ns).
2025-10-07T15:20:54.704+09:00  WARN 7884 --- [main] ConfigServletWebServerApplicationContext : Exception encountered during context initialization - cancelling refresh attempt: org.springframework.beans.factory.BeanCreationException: Error creating bean with name 'requestMappingHandlerMapping' defined in class path resource [org/springframework/boot/autoconfigure/web/servlet/WebMvcAutoConfiguration$EnableWebMvcConfiguration.class]: Ambiguous mapping. Cannot map 'adminStudyController' method 
web.controller.AdminStudyController#updateExam(ExamDto)
to {GET [/saykorean/admin/study/exam]}: There is already 'adminStudyController' bean method
web.controller.AdminStudyController#getExam() mapped.
2025-10-07T15:20:54.768+09:00 ERROR 7884 --- [main] o.s.boot.SpringApplication               : Application run failed

org.springframework.beans.factory.BeanCreationException: Error creating bean with name 'requestMappingHandlerMapping' defined in class path resource [org/springframework/boot/autoconfigure/web/servlet/WebMvcAutoConfiguration$EnableWebMvcConfiguration.class]: Ambiguous mapping. Cannot map 'adminStudyController' method 
web.controller.AdminStudyController#updateExam(ExamDto)
to {GET [/saykorean/admin/study/exam]}: There is already 'adminStudyController' bean method
web.controller.AdminStudyController#getExam() mapped.
	at org.springframework.beans.factory.support.AbstractAutowireCapableBeanFactory.initializeBean(AbstractAutowireCapableBeanFactory.java:1826) ~[spring-beans-6.2.10.jar:6.2.10]
	at org.springframework.beans.factory.support.AbstractAutowireCapableBeanFactory.doCreateBean(AbstractAutowireCapableBeanFactory.java:607) ~[spring-beans-6.2.10.jar:6.2.10]
	at org.springframework.beans.factory.support.AbstractAutowireCapableBeanFactory.createBean(AbstractAutowireCapableBeanFactory.java:529) ~[spring-beans-6.2.10.jar:6.2.10]
	at org.springframework.beans.factory.support.AbstractBeanFactory.lambda$doGetBean$0(AbstractBeanFactory.java:339) ~[spring-beans-6.2.10.jar:6.2.10]
	at org.springframework.beans.factory.support.DefaultSingletonBeanRegistry.getSingleton(DefaultSingletonBeanRegistry.java:373) ~[spring-beans-6.2.10.jar:6.2.10]
	at org.springframework.beans.factory.support.AbstractBeanFactory.doGetBean(AbstractBeanFactory.java:337) ~[spring-beans-6.2.10.jar:6.2.10]
	at org.springframework.beans.factory.support.AbstractBeanFactory.getBean(AbstractBeanFactory.java:202) ~[spring-beans-6.2.10.jar:6.2.10]
	at org.springframework.beans.factory.support.DefaultListableBeanFactory.instantiateSingleton(DefaultListableBeanFactory.java:1222) ~[spring-beans-6.2.10.jar:6.2.10]
	at org.springframework.beans.factory.support.DefaultListableBeanFactory.preInstantiateSingleton(DefaultListableBeanFactory.java:1188) ~[spring-beans-6.2.10.jar:6.2.10]
	at org.springframework.beans.factory.support.DefaultListableBeanFactory.preInstantiateSingletons(DefaultListableBeanFactory.java:1123) ~[spring-beans-6.2.10.jar:6.2.10]
	at org.springframework.context.support.AbstractApplicationContext.finishBeanFactoryInitialization(AbstractApplicationContext.java:987) ~[spring-context-6.2.10.jar:6.2.10]
	at org.springframework.context.support.AbstractApplicationContext.refresh(AbstractApplicationContext.java:627) ~[spring-context-6.2.10.jar:6.2.10]
	at org.springframework.boot.web.servlet.context.ServletWebServerApplicationContext.refresh(ServletWebServerApplicationContext.java:146) ~[spring-boot-3.5.5.jar:3.5.5]
	at org.springframework.boot.SpringApplication.refresh(SpringApplication.java:752) ~[spring-boot-3.5.5.jar:3.5.5]
	at org.springframework.boot.SpringApplication.refreshContext(SpringApplication.java:439) ~[spring-boot-3.5.5.jar:3.5.5]
	at org.springframework.boot.SpringApplication.run(SpringApplication.java:318) ~[spring-boot-3.5.5.jar:3.5.5]
	at org.springframework.boot.SpringApplication.run(SpringApplication.java:1361) ~[spring-boot-3.5.5.jar:3.5.5]
	at org.springframework.boot.SpringApplication.run(SpringApplication.java:1350) ~[spring-boot-3.5.5.jar:3.5.5]
	at web.AppStart.main(AppStart.java:9) ~[main/:na]
Caused by: java.lang.IllegalStateException: Ambiguous mapping. Cannot map 'adminStudyController' method 
web.controller.AdminStudyController#updateExam(ExamDto)
to {GET [/saykorean/admin/study/exam]}: There is already 'adminStudyController' bean method
web.controller.AdminStudyController#getExam() mapped.
	at org.springframework.web.servlet.handler.AbstractHandlerMethodMapping$MappingRegistry.validateMethodMapping(AbstractHandlerMethodMapping.java:676) ~[spring-webmvc-6.2.10.jar:6.2.10]
	at org.springframework.web.servlet.handler.AbstractHandlerMethodMapping$MappingRegistry.register(AbstractHandlerMethodMapping.java:637) ~[spring-webmvc-6.2.10.jar:6.2.10]
	at org.springframework.web.servlet.handler.AbstractHandlerMethodMapping.registerHandlerMethod(AbstractHandlerMethodMapping.java:331) ~[spring-webmvc-6.2.10.jar:6.2.10]
	at org.springframework.web.servlet.mvc.method.annotation.RequestMappingHandlerMapping.registerHandlerMethod(RequestMappingHandlerMapping.java:507) ~[spring-webmvc-6.2.10.jar:6.2.10]
	at org.springframework.web.servlet.mvc.method.annotation.RequestMappingHandlerMapping.registerHandlerMethod(RequestMappingHandlerMapping.java:84) ~[spring-webmvc-6.2.10.jar:6.2.10]
	at org.springframework.web.servlet.handler.AbstractHandlerMethodMapping.lambda$detectHandlerMethods$2(AbstractHandlerMethodMapping.java:298) ~[spring-webmvc-6.2.10.jar:6.2.10]
	at java.base/java.util.LinkedHashMap.forEach(LinkedHashMap.java:721) ~[na:na]
	at org.springframework.web.servlet.handler.AbstractHandlerMethodMapping.detectHandlerMethods(AbstractHandlerMethodMapping.java:296) ~[spring-webmvc-6.2.10.jar:6.2.10]
	at org.springframework.web.servlet.handler.AbstractHandlerMethodMapping.processCandidateBean(AbstractHandlerMethodMapping.java:265) ~[spring-webmvc-6.2.10.jar:6.2.10]
	at org.springframework.web.servlet.handler.AbstractHandlerMethodMapping.initHandlerMethods(AbstractHandlerMethodMapping.java:224) ~[spring-webmvc-6.2.10.jar:6.2.10]
	at org.springframework.web.servlet.handler.AbstractHandlerMethodMapping.afterPropertiesSet(AbstractHandlerMethodMapping.java:212) ~[spring-webmvc-6.2.10.jar:6.2.10]
	at org.springframework.web.servlet.mvc.method.annotation.RequestMappingHandlerMapping.afterPropertiesSet(RequestMappingHandlerMapping.java:237) ~[spring-webmvc-6.2.10.jar:6.2.10]
	at org.springframework.beans.factory.support.AbstractAutowireCapableBeanFactory.invokeInitMethods(AbstractAutowireCapableBeanFactory.java:1873) ~[spring-beans-6.2.10.jar:6.2.10]
	at org.springframework.beans.factory.support.AbstractAutowireCapableBeanFactory.initializeBean(AbstractAutowireCapableBeanFactory.java:1822) ~[spring-beans-6.2.10.jar:6.2.10]
	... 18 common frames omitted

2025-10-07T15:21:36.340+09:00  WARN 16164 --- [main] ConfigServletWebServerApplicationContext : Exception encountered during context initialization - cancelling refresh attempt: org.springframework.beans.factory.BeanCreationException: Error creating bean with name 'requestMappingHandlerMapping' defined in class path resource [org/springframework/boot/autoconfigure/web/servlet/WebMvcAutoConfiguration$EnableWebMvcConfiguration.class]: Ambiguous mapping. Cannot map 'adminStudyController' method 
web.controller.AdminStudyController#getExam()
to {GET [/saykorean/admin/study/exam]}: There is already 'adminStudyController' bean method
web.controller.AdminStudyController#updateExam(ExamDto) mapped.
2025-10-07T15:21:36.402+09:00 ERROR 16164 --- [main] o.s.boot.SpringApplication               : Application run failed

org.springframework.beans.factory.BeanCreationException: Error creating bean with name 'requestMappingHandlerMapping' defined in class path resource [org/springframework/boot/autoconfigure/web/servlet/WebMvcAutoConfiguration$EnableWebMvcConfiguration.class]: Ambiguous mapping. Cannot map 'adminStudyController' method 
web.controller.AdminStudyController#getExam()
to {GET [/saykorean/admin/study/exam]}: There is already 'adminStudyController' bean method
web.controller.AdminStudyController#updateExam(ExamDto) mapped.
	at org.springframework.beans.factory.support.AbstractAutowireCapableBeanFactory.initializeBean(AbstractAutowireCapableBeanFactory.java:1826) ~[spring-beans-6.2.10.jar:6.2.10]
	at org.springframework.beans.factory.support.AbstractAutowireCapableBeanFactory.doCreateBean(AbstractAutowireCapableBeanFactory.java:607) ~[spring-beans-6.2.10.jar:6.2.10]
	at org.springframework.beans.factory.support.AbstractAutowireCapableBeanFactory.createBean(AbstractAutowireCapableBeanFactory.java:529) ~[spring-beans-6.2.10.jar:6.2.10]
	at org.springframework.beans.factory.support.AbstractBeanFactory.lambda$doGetBean$0(AbstractBeanFactory.java:339) ~[spring-beans-6.2.10.jar:6.2.10]
	at org.springframework.beans.factory.support.DefaultSingletonBeanRegistry.getSingleton(DefaultSingletonBeanRegistry.java:373) ~[spring-beans-6.2.10.jar:6.2.10]
	at org.springframework.beans.factory.support.AbstractBeanFactory.doGetBean(AbstractBeanFactory.java:337) ~[spring-beans-6.2.10.jar:6.2.10]
	at org.springframework.beans.factory.support.AbstractBeanFactory.getBean(AbstractBeanFactory.java:202) ~[spring-beans-6.2.10.jar:6.2.10]
	at org.springframework.beans.factory.support.DefaultListableBeanFactory.instantiateSingleton(DefaultListableBeanFactory.java:1222) ~[spring-beans-6.2.10.jar:6.2.10]
	at org.springframework.beans.factory.support.DefaultListableBeanFactory.preInstantiateSingleton(DefaultListableBeanFactory.java:1188) ~[spring-beans-6.2.10.jar:6.2.10]
	at org.springframework.beans.factory.support.DefaultListableBeanFactory.preInstantiateSingletons(DefaultListableBeanFactory.java:1123) ~[spring-beans-6.2.10.jar:6.2.10]
	at org.springframework.context.support.AbstractApplicationContext.finishBeanFactoryInitialization(AbstractApplicationContext.java:987) ~[spring-context-6.2.10.jar:6.2.10]
	at org.springframework.context.support.AbstractApplicationContext.refresh(AbstractApplicationContext.java:627) ~[spring-context-6.2.10.jar:6.2.10]
	at org.springframework.boot.web.servlet.context.ServletWebServerApplicationContext.refresh(ServletWebServerApplicationContext.java:146) ~[spring-boot-3.5.5.jar:3.5.5]
	at org.springframework.boot.SpringApplication.refresh(SpringApplication.java:752) ~[spring-boot-3.5.5.jar:3.5.5]
	at org.springframework.boot.SpringApplication.refreshContext(SpringApplication.java:439) ~[spring-boot-3.5.5.jar:3.5.5]
	at org.springframework.boot.SpringApplication.run(SpringApplication.java:318) ~[spring-boot-3.5.5.jar:3.5.5]
	at org.springframework.boot.SpringApplication.run(SpringApplication.java:1361) ~[spring-boot-3.5.5.jar:3.5.5]
	at org.springframework.boot.SpringApplication.run(SpringApplication.java:1350) ~[spring-boot-3.5.5.jar:3.5.5]
	at web.AppStart.main(AppStart.java:9) ~[main/:na]
Caused by: java.lang.IllegalStateException: Ambiguous mapping. Cannot map 'adminStudyController' method 
web.controller.AdminStudyController#getExam()
to {GET [/saykorean/admin/study/exam]}: There is already 'adminStudyController' bean method
web.controller.AdminStudyController#updateExam(ExamDto) mapped.
	at org.springframework.web.servlet.handler.AbstractHandlerMethodMapping$MappingRegistry.validateMethodMapping(AbstractHandlerMethodMapping.java:676) ~[spring-webmvc-6.2.10.jar:6.2.10]
	at org.springframework.web.servlet.handler.AbstractHandlerMethodMapping$MappingRegistry.register(AbstractHandlerMethodMapping.java:637) ~[spring-webmvc-6.2.10.jar:6.2.10]
	at org.springframework.web.servlet.handler.AbstractHandlerMethodMapping.registerHandlerMethod(AbstractHandlerMethodMapping.java:331) ~[spring-webmvc-6.2.10.jar:6.2.10]
	at org.springframework.web.servlet.mvc.method.annotation.RequestMappingHandlerMapping.registerHandlerMethod(RequestMappingHandlerMapping.java:507) ~[spring-webmvc-6.2.10.jar:6.2.10]
	at org.springframework.web.servlet.mvc.method.annotation.RequestMappingHandlerMapping.registerHandlerMethod(RequestMappingHandlerMapping.java:84) ~[spring-webmvc-6.2.10.jar:6.2.10]
	at org.springframework.web.servlet.handler.AbstractHandlerMethodMapping.lambda$detectHandlerMethods$2(AbstractHandlerMethodMapping.java:298) ~[spring-webmvc-6.2.10.jar:6.2.10]
	at java.base/java.util.LinkedHashMap.forEach(LinkedHashMap.java:721) ~[na:na]
	at org.springframework.web.servlet.handler.AbstractHandlerMethodMapping.detectHandlerMethods(AbstractHandlerMethodMapping.java:296) ~[spring-webmvc-6.2.10.jar:6.2.10]
	at org.springframework.web.servlet.handler.AbstractHandlerMethodMapping.processCandidateBean(AbstractHandlerMethodMapping.java:265) ~[spring-webmvc-6.2.10.jar:6.2.10]
	at org.springframework.web.servlet.handler.AbstractHandlerMethodMapping.initHandlerMethods(AbstractHandlerMethodMapping.java:224) ~[spring-webmvc-6.2.10.jar:6.2.10]
	at org.springframework.web.servlet.handler.AbstractHandlerMethodMapping.afterPropertiesSet(AbstractHandlerMethodMapping.java:212) ~[spring-webmvc-6.2.10.jar:6.2.10]
	at org.springframework.web.servlet.mvc.method.annotation.RequestMappingHandlerMapping.afterPropertiesSet(RequestMappingHandlerMapping.java:237) ~[spring-webmvc-6.2.10.jar:6.2.10]
	at org.springframework.beans.factory.support.AbstractAutowireCapableBeanFactory.invokeInitMethods(AbstractAutowireCapableBeanFactory.java:1873) ~[spring-beans-6.2.10.jar:6.2.10]
	at org.springframework.beans.factory.support.AbstractAutowireCapableBeanFactory.initializeBean(AbstractAutowireCapableBeanFactory.java:1822) ~[spring-beans-6.2.10.jar:6.2.10]
	... 18 common frames omitted

2025-10-07T15:23:33.232+09:00  WARN 14500 --- [http-nio-8080-exec-5] .w.s.m.s.DefaultHandlerExceptionResolver : Resolved [org.springframework.web.HttpRequestMethodNotSupportedException: Request method 'DELETE' is not supported]
2025-10-07T15:23:42.097+09:00  WARN 14500 --- [http-nio-8080-exec-6] .w.s.m.s.DefaultHandlerExceptionResolver : Resolved [org.springframework.web.HttpRequestMethodNotSupportedException: Request method 'DELETE' is not supported]
2025-10-07T15:23:46.669+09:00  WARN 14500 --- [http-nio-8080-exec-7] .w.s.m.s.DefaultHandlerExceptionResolver : Resolved [org.springframework.web.HttpRequestMethodNotSupportedException: Request method 'DELETE' is not supported]
2025-10-07T15:24:10.751+09:00  WARN 14500 --- [http-nio-8080-exec-8] .w.s.m.s.DefaultHandlerExceptionResolver : Resolved [org.springframework.web.HttpRequestMethodNotSupportedException: Request method 'DELETE' is not supported]
2025-10-07T15:24:59.926+09:00  WARN 14500 --- [http-nio-8080-exec-9] .w.s.m.s.DefaultHandlerExceptionResolver : Resolved [org.springframework.web.HttpRequestMethodNotSupportedException: Request method 'DELETE' is not supported]
2025-10-07T15:25:09.971+09:00  WARN 14500 --- [http-nio-8080-exec-10] .w.s.m.s.DefaultHandlerExceptionResolver : Resolved [org.springframework.web.HttpRequestMethodNotSupportedException: Request method 'DELETE' is not supported]
2025-10-07T15:25:20.315+09:00  WARN 15476 --- [http-nio-8080-exec-1] .w.s.m.s.DefaultHandlerExceptionResolver : Resolved [org.springframework.web.HttpRequestMethodNotSupportedException: Request method 'DELETE' is not supported]
2025-10-07T15:26:31.124+09:00 ERROR 13252 --- [http-nio-8080-exec-1] w.controller.AdminStudyExceptionHandler  : 
### Error updating database.  Cause: java.sql.SQLIntegrityConstraintViolationException: Cannot delete or update a parent row: a foreign key constraint fails (`saykorean`.`study`, CONSTRAINT `fk_study_genre` FOREIGN KEY (`genreNo`) REFERENCES `genre` (`genreNo`) ON DELETE RESTRICT ON UPDATE CASCADE)
### The error may exist in web/model/mapper/AdminStudyMapper.java (best guess)
### The error may involve web.model.mapper.AdminStudyMapper.deleteGenre-Inline
### The error occurred while setting parameters
### SQL: delete from genre where genreNo = ?
### Cause: java.sql.SQLIntegrityConstraintViolationException: Cannot delete or update a parent row: a foreign key constraint fails (`saykorean`.`study`, CONSTRAINT `fk_study_genre` FOREIGN KEY (`genreNo`) REFERENCES `genre` (`genreNo`) ON DELETE RESTRICT ON UPDATE CASCADE)
; Cannot delete or update a parent row: a foreign key constraint fails (`saykorean`.`study`, CONSTRAINT `fk_study_genre` FOREIGN KEY (`genreNo`) REFERENCES `genre` (`genreNo`) ON DELETE RESTRICT ON UPDATE CASCADE)
2025-10-07T15:29:51.737+09:00 ERROR 13252 --- [http-nio-8080-exec-8] w.controller.AdminStudyExceptionHandler  : JSON parse error: Unexpected character ('.' (code 46)): was expecting comma to separate Object entries
2025-10-07T15:30:28.416+09:00 ERROR 13252 --- [http-nio-8080-exec-9] w.controller.AdminStudyExceptionHandler  : 
### Error updating database.  Cause: java.sql.SQLIntegrityConstraintViolationException: Duplicate entry '안부 묻기' for key 'study.themeKo'
### The error may exist in web/model/mapper/AdminStudyMapper.java (best guess)
### The error may involve web.model.mapper.AdminStudyMapper.createStudy-Inline
### The error occurred while setting parameters
### SQL: insert into study(themeKo , themeJp , themeCn , themeEn , themeEs , commenKo , commenJp , commenCn , commenEn , commenEs , genreNo) values (? , ?, ? , ? , ? , ? , ? , ? , ? , ? , ?)
### Cause: java.sql.SQLIntegrityConstraintViolationException: Duplicate entry '안부 묻기' for key 'study.themeKo'
; Duplicate entry '안부 묻기' for key 'study.themeKo'
2025-10-07T15:32:30.882+09:00 ERROR 13252 --- [http-nio-8080-exec-2] w.controller.AdminStudyExceptionHandler  : JSON parse error: Unexpected character ('.' (code 46)): was expecting comma to separate Object entries
2025-10-07T15:41:39.504+09:00 ERROR 13252 --- [http-nio-8080-exec-6] w.controller.AdminStudyExceptionHandler  : 
### Error updating database.  Cause: java.sql.SQLIntegrityConstraintViolationException: Cannot delete or update a parent row: a foreign key constraint fails (`saykorean`.`study`, CONSTRAINT `fk_study_genre` FOREIGN KEY (`genreNo`) REFERENCES `genre` (`genreNo`) ON DELETE RESTRICT ON UPDATE CASCADE)
### The error may exist in web/model/mapper/AdminStudyMapper.java (best guess)
### The error may involve web.model.mapper.AdminStudyMapper.deleteGenre-Inline
### The error occurred while setting parameters
### SQL: delete from genre where genreNo = ?
### Cause: java.sql.SQLIntegrityConstraintViolationException: Cannot delete or update a parent row: a foreign key constraint fails (`saykorean`.`study`, CONSTRAINT `fk_study_genre` FOREIGN KEY (`genreNo`) REFERENCES `genre` (`genreNo`) ON DELETE RESTRICT ON UPDATE CASCADE)
; Cannot delete or update a parent row: a foreign key constraint fails (`saykorean`.`study`, CONSTRAINT `fk_study_genre` FOREIGN KEY (`genreNo`) REFERENCES `genre` (`genreNo`) ON DELETE RESTRICT ON UPDATE CASCADE)
2025-10-07T15:45:45.735+09:00 ERROR 13252 --- [http-nio-8080-exec-2] w.controller.AdminStudyExceptionHandler  : 
### Error updating database.  Cause: java.sql.SQLIntegrityConstraintViolationException: Column 'examKo' cannot be null
### The error may exist in web/model/mapper/AdminStudyMapper.java (best guess)
### The error may involve web.model.mapper.AdminStudyMapper.createExam-Inline
### The error occurred while setting parameters
### SQL: insert into exam(examKo , examRoman , examJp , examCn , examEn , examEs , imageName , imagePath , studyNo) values (? , ? , ? , ? , ? , ? , ? , ? , ? )
### Cause: java.sql.SQLIntegrityConstraintViolationException: Column 'examKo' cannot be null
; Column 'examKo' cannot be null
2025-10-07T15:48:58.136+09:00 ERROR 13252 --- [http-nio-8080-exec-3] w.controller.AdminStudyExceptionHandler  : 
### Error updating database.  Cause: java.sql.SQLIntegrityConstraintViolationException: Column 'examKo' cannot be null
### The error may exist in web/model/mapper/AdminStudyMapper.java (best guess)
### The error may involve web.model.mapper.AdminStudyMapper.createExam-Inline
### The error occurred while setting parameters
### SQL: insert into exam(examKo , examRoman , examJp , examCn , examEn , examEs , imageName , imagePath , studyNo) values (? , ? , ? , ? , ? , ? , ? , ? , ? )
### Cause: java.sql.SQLIntegrityConstraintViolationException: Column 'examKo' cannot be null
; Column 'examKo' cannot be null
2025-10-07T15:50:41.142+09:00 ERROR 13252 --- [http-nio-8080-exec-4] w.controller.AdminStudyExceptionHandler  : 
### Error updating database.  Cause: java.sql.SQLIntegrityConstraintViolationException: Column 'examKo' cannot be null
### The error may exist in web/model/mapper/AdminStudyMapper.java (best guess)
### The error may involve web.model.mapper.AdminStudyMapper.createExam-Inline
### The error occurred while setting parameters
### SQL: insert into exam(examKo , examRoman , examJp , examCn , examEn , examEs , imageName , imagePath , studyNo) values (? , ? , ? , ? , ? , ? , ? , ? , ? )
### Cause: java.sql.SQLIntegrityConstraintViolationException: Column 'examKo' cannot be null
; Column 'examKo' cannot be null
2025-10-07T15:50:59.142+09:00  WARN 4172 --- [main] ConfigServletWebServerApplicationContext : Exception encountered during context initialization - cancelling refresh attempt: org.springframework.context.ApplicationContextException: Failed to start bean 'webServerStartStop'
2025-10-07T15:50:59.204+09:00 ERROR 4172 --- [main] o.s.b.d.LoggingFailureAnalysisReporter   : 

***************************
APPLICATION FAILED TO START
***************************

Description:

Web server failed to start. Port 8080 was already in use.

Action:

Identify and stop the process that's listening on port 8080 or configure this application to listen on another port.

2025-10-07T15:51:11.152+09:00  WARN 8376 --- [main] ConfigServletWebServerApplicationContext : Exception encountered during context initialization - cancelling refresh attempt: org.springframework.context.ApplicationContextException: Failed to start bean 'webServerStartStop'
2025-10-07T15:51:11.215+09:00 ERROR 8376 --- [main] o.s.b.d.LoggingFailureAnalysisReporter   : 

***************************
APPLICATION FAILED TO START
***************************

Description:

Web server failed to start. Port 8080 was already in use.

Action:

Identify and stop the process that's listening on port 8080 or configure this application to listen on another port.

2025-10-07T15:52:26.363+09:00  WARN 4412 --- [main] ConfigServletWebServerApplicationContext : Exception encountered during context initialization - cancelling refresh attempt: org.springframework.context.ApplicationContextException: Failed to start bean 'webServerStartStop'
2025-10-07T15:52:26.407+09:00 ERROR 4412 --- [main] o.s.b.d.LoggingFailureAnalysisReporter   : 

***************************
APPLICATION FAILED TO START
***************************

Description:

Web server failed to start. Port 8080 was already in use.

Action:

Identify and stop the process that's listening on port 8080 or configure this application to listen on another port.

